{
  "RSpec": {
    "coverage": {
      "/home/outstanding-selector-9689/tic-tac-toe-rb-online-web-sp-000/lib/tic_tac_toe.rb": [
        null,
        null,
        1,
        null,
        null,
        null,
        null,
        null,
        null,
        null,
        null,
        null,
        1,
        27,
        27,
        27,
        27,
        27,
        null,
        null,
        1,
        9340,
        null,
        null,
        1,
        24,
        null,
        null,
        1,
        9424,
        null,
        null,
        1,
        9340,
        9338,
        22,
        null,
        null,
        2,
        null,
        null,
        null,
        1,
        230,
        23,
        23,
        207,
        34,
        null,
        null,
        23,
        null,
        null,
        1,
        22,
        null,
        null,
        1,
        9338,
        9337,
        9337,
        9337,
        21,
        null,
        9316,
        null,
        22,
        null,
        null,
        1,
        43,
        277,
        null,
        null,
        null,
        null,
        null,
        1,
        168,
        null,
        null,
        1,
        11,
        null,
        null,
        1,
        23,
        null,
        null,
        1,
        7,
        6,
        null,
        null,
        null,
        1,
        12,
        20,
        null,
        11,
        5,
        6,
        2,
        null,
        null
      ]
    },
    "timestamp": 1604775495
  }
}
